<?xml version="1.0" encoding="UTF-8"?>
<coverage generated="1601823383770" clover="3.2.0">
  <project timestamp="1601823383770" name="All files">
    <metrics statements="50" coveredstatements="44" conditionals="13" coveredconditionals="12" methods="23" coveredmethods="21" elements="86" coveredelements="77" complexity="0" loc="50" ncloc="50" packages="4" files="8" classes="8"/>
    <package name="components">
      <metrics statements="12" coveredstatements="8" conditionals="2" coveredconditionals="1" methods="4" coveredmethods="3"/>
      <file name="StyledText.tsx" path="/Users/DNL/Documents/codigo/kata-native-test/components/StyledText.tsx">
        <metrics statements="1" coveredstatements="1" conditionals="0" coveredconditionals="0" methods="1" coveredmethods="1"/>
        <line num="6" count="1" type="stmt"/>
      </file>
      <file name="Themed.tsx" path="/Users/DNL/Documents/codigo/kata-native-test/components/Themed.tsx">
        <metrics statements="11" coveredstatements="7" conditionals="2" coveredconditionals="1" methods="3" coveredmethods="2"/>
        <line num="11" count="1" type="stmt"/>
        <line num="12" count="1" type="stmt"/>
        <line num="14" count="1" type="cond" truecount="1" falsecount="1"/>
        <line num="15" count="0" type="stmt"/>
        <line num="17" count="1" type="stmt"/>
        <line num="30" count="1" type="stmt"/>
        <line num="31" count="1" type="stmt"/>
        <line num="33" count="1" type="stmt"/>
        <line num="37" count="0" type="stmt"/>
        <line num="38" count="0" type="stmt"/>
        <line num="40" count="0" type="stmt"/>
      </file>
    </package>
    <package name="constants">
      <metrics statements="3" coveredstatements="3" conditionals="0" coveredconditionals="0" methods="0" coveredmethods="0"/>
      <file name="Colors.ts" path="/Users/DNL/Documents/codigo/kata-native-test/constants/Colors.ts">
        <metrics statements="2" coveredstatements="2" conditionals="0" coveredconditionals="0" methods="0" coveredmethods="0"/>
        <line num="1" count="1" type="stmt"/>
        <line num="2" count="1" type="stmt"/>
      </file>
      <file name="DamageTable.ts" path="/Users/DNL/Documents/codigo/kata-native-test/constants/DamageTable.ts">
        <metrics statements="1" coveredstatements="1" conditionals="0" coveredconditionals="0" methods="0" coveredmethods="0"/>
        <line num="5" count="1" type="stmt"/>
      </file>
    </package>
    <package name="hooks">
      <metrics statements="25" coveredstatements="23" conditionals="9" coveredconditionals="9" methods="14" coveredmethods="13"/>
      <file name="useColorScheme.ts" path="/Users/DNL/Documents/codigo/kata-native-test/hooks/useColorScheme.ts">
        <metrics statements="1" coveredstatements="1" conditionals="0" coveredconditionals="0" methods="1" coveredmethods="1"/>
        <line num="7" count="1" type="stmt"/>
      </file>
      <file name="useDamageCalculator.ts" path="/Users/DNL/Documents/codigo/kata-native-test/hooks/useDamageCalculator.ts">
        <metrics statements="24" coveredstatements="22" conditionals="9" coveredconditionals="9" methods="13" coveredmethods="12"/>
        <line num="7" count="1" type="stmt"/>
        <line num="11" count="605" type="cond" truecount="2" falsecount="0"/>
        <line num="12" count="604" type="stmt"/>
        <line num="13" count="3018" type="stmt"/>
        <line num="15" count="604" type="stmt"/>
        <line num="18" count="1" type="stmt"/>
        <line num="19" count="606" type="stmt"/>
        <line num="22" count="7760" type="stmt"/>
        <line num="23" count="3026" type="cond" truecount="2" falsecount="0"/>
        <line num="24" count="3026" type="stmt"/>
        <line num="29" count="14275" type="stmt"/>
        <line num="32" count="1" type="stmt"/>
        <line num="36" count="604" type="stmt"/>
        <line num="37" count="604" type="stmt"/>
        <line num="39" count="604" type="cond" truecount="2" falsecount="0"/>
        <line num="41" count="573" type="stmt"/>
        <line num="42" count="2849" type="stmt"/>
        <line num="43" count="2276" type="cond" truecount="2" falsecount="0"/>
        <line num="45" count="573" type="stmt"/>
        <line num="47" count="1451" type="stmt"/>
        <line num="50" count="1" type="stmt"/>
        <line num="52" count="1" type="stmt"/>
        <line num="53" count="0" type="stmt"/>
        <line num="54" count="0" type="stmt"/>
      </file>
    </package>
    <package name="utils">
      <metrics statements="10" coveredstatements="10" conditionals="2" coveredconditionals="2" methods="5" coveredmethods="5"/>
      <file name="arrayManipulation.ts" path="/Users/DNL/Documents/codigo/kata-native-test/utils/arrayManipulation.ts">
        <metrics statements="3" coveredstatements="3" conditionals="0" coveredconditionals="0" methods="3" coveredmethods="3"/>
        <line num="1" count="1" type="stmt"/>
        <line num="2" count="6484" type="stmt"/>
        <line num="4" count="4609" type="stmt"/>
      </file>
      <file name="memo.ts" path="/Users/DNL/Documents/codigo/kata-native-test/utils/memo.ts">
        <metrics statements="7" coveredstatements="7" conditionals="2" coveredconditionals="2" methods="2" coveredmethods="2"/>
        <line num="3" count="1" type="stmt"/>
        <line num="4" count="1" type="stmt"/>
        <line num="5" count="2849" type="stmt"/>
        <line num="6" count="2849" type="cond" truecount="2" falsecount="0"/>
        <line num="8" count="603" type="stmt"/>
        <line num="9" count="603" type="stmt"/>
        <line num="10" count="603" type="stmt"/>
      </file>
    </package>
  </project>
</coverage>
