<?xml version="1.0" encoding="UTF-8"?>
<coverage generated="1601850423120" clover="3.2.0">
  <project timestamp="1601850423120" name="All files">
    <metrics statements="39" coveredstatements="37" conditionals="13" coveredconditionals="12" methods="20" coveredmethods="19" elements="72" coveredelements="68" complexity="0" loc="39" ncloc="39" packages="2" files="4" classes="4"/>
    <package name="hooks">
      <metrics statements="24" coveredstatements="22" conditionals="9" coveredconditionals="9" methods="13" coveredmethods="12"/>
      <file name="useDamageCalculator.ts" path="/Users/DNL/Documents/codigo/kata-native-test/hooks/useDamageCalculator.ts">
        <metrics statements="24" coveredstatements="22" conditionals="9" coveredconditionals="9" methods="13" coveredmethods="12"/>
        <line num="7" count="1" type="stmt"/>
        <line num="11" count="604" type="cond" truecount="2" falsecount="0"/>
        <line num="12" count="603" type="stmt"/>
        <line num="13" count="3015" type="stmt"/>
        <line num="15" count="603" type="stmt"/>
        <line num="18" count="1" type="stmt"/>
        <line num="19" count="607" type="stmt"/>
        <line num="22" count="7763" type="stmt"/>
        <line num="23" count="3029" type="cond" truecount="2" falsecount="0"/>
        <line num="24" count="3029" type="stmt"/>
        <line num="29" count="14275" type="stmt"/>
        <line num="32" count="1" type="stmt"/>
        <line num="36" count="604" type="stmt"/>
        <line num="37" count="604" type="stmt"/>
        <line num="39" count="604" type="cond" truecount="2" falsecount="0"/>
        <line num="41" count="573" type="stmt"/>
        <line num="42" count="2849" type="stmt"/>
        <line num="43" count="2276" type="cond" truecount="2" falsecount="0"/>
        <line num="45" count="573" type="stmt"/>
        <line num="47" count="1451" type="stmt"/>
        <line num="50" count="1" type="stmt"/>
        <line num="52" count="1" type="stmt"/>
        <line num="55" count="0" type="stmt"/>
        <line num="56" count="0" type="stmt"/>
      </file>
    </package>
    <package name="utils">
      <metrics statements="15" coveredstatements="15" conditionals="4" coveredconditionals="3" methods="7" coveredmethods="7"/>
      <file name="arrayManipulation.ts" path="/Users/DNL/Documents/codigo/kata-native-test/utils/arrayManipulation.ts">
        <metrics statements="3" coveredstatements="3" conditionals="0" coveredconditionals="0" methods="3" coveredmethods="3"/>
        <line num="1" count="1" type="stmt"/>
        <line num="2" count="6484" type="stmt"/>
        <line num="4" count="4606" type="stmt"/>
      </file>
      <file name="damage.ts" path="/Users/DNL/Documents/codigo/kata-native-test/utils/damage.ts">
        <metrics statements="5" coveredstatements="5" conditionals="2" coveredconditionals="1" methods="2" coveredmethods="2"/>
        <line num="6" count="1" type="stmt"/>
        <line num="15" count="1" type="stmt"/>
        <line num="16" count="11036" type="cond" truecount="1" falsecount="1"/>
        <line num="18" count="1" type="stmt"/>
        <line num="19" count="4552" type="stmt"/>
      </file>
      <file name="memo.ts" path="/Users/DNL/Documents/codigo/kata-native-test/utils/memo.ts">
        <metrics statements="7" coveredstatements="7" conditionals="2" coveredconditionals="2" methods="2" coveredmethods="2"/>
        <line num="3" count="1" type="stmt"/>
        <line num="4" count="1" type="stmt"/>
        <line num="5" count="2849" type="stmt"/>
        <line num="6" count="2849" type="cond" truecount="2" falsecount="0"/>
        <line num="8" count="603" type="stmt"/>
        <line num="9" count="603" type="stmt"/>
        <line num="10" count="603" type="stmt"/>
      </file>
    </package>
  </project>
</coverage>
