{"/Users/DNL/Documents/codigo/kata-native-test/hooks/useDamageCalculator.ts": {"path":"/Users/DNL/Documents/codigo/kata-native-test/hooks/useDamageCalculator.ts","statementMap":{"0":{"start":{"line":7,"column":30},"end":{"line":16,"column":1}},"1":{"start":{"line":11,"column":2},"end":{"line":11,"column":27}},"2":{"start":{"line":11,"column":18},"end":{"line":11,"column":27}},"3":{"start":{"line":12,"column":33},"end":{"line":14,"column":29}},"4":{"start":{"line":13,"column":28},"end":{"line":13,"column":56}},"5":{"start":{"line":15,"column":2},"end":{"line":15,"column":28}},"6":{"start":{"line":18,"column":34},"end":{"line":30,"column":1}},"7":{"start":{"line":19,"column":2},"end":{"line":29,"column":63}},"8":{"start":{"line":22,"column":26},"end":{"line":22,"column":52}},"9":{"start":{"line":22,"column":41},"end":{"line":22,"column":51}},"10":{"start":{"line":23,"column":26},"end":{"line":23,"column":76}},"11":{"start":{"line":23,"column":54},"end":{"line":23,"column":70}},"12":{"start":{"line":24,"column":8},"end":{"line":24,"column":44}},"13":{"start":{"line":29,"column":21},"end":{"line":29,"column":61}},"14":{"start":{"line":29,"column":49},"end":{"line":29,"column":60}},"15":{"start":{"line":32,"column":32},"end":{"line":48,"column":1}},"16":{"start":{"line":36,"column":26},"end":{"line":36,"column":57}},"17":{"start":{"line":37,"column":22},"end":{"line":37,"column":60}},"18":{"start":{"line":39,"column":2},"end":{"line":39,"column":52}},"19":{"start":{"line":39,"column":31},"end":{"line":39,"column":52}},"20":{"start":{"line":41,"column":19},"end":{"line":43,"column":70}},"21":{"start":{"line":42,"column":20},"end":{"line":42,"column":64}},"22":{"start":{"line":43,"column":23},"end":{"line":43,"column":68}},"23":{"start":{"line":45,"column":2},"end":{"line":47,"column":27}},"24":{"start":{"line":47,"column":20},"end":{"line":47,"column":25}},"25":{"start":{"line":50,"column":33},"end":{"line":50,"column":58}},"26":{"start":{"line":52,"column":35},"end":{"line":57,"column":1}},"27":{"start":{"line":55,"column":32},"end":{"line":55,"column":65}},"28":{"start":{"line":56,"column":2},"end":{"line":56,"column":49}}},"fnMap":{"0":{"name":"(anonymous_0)","decl":{"start":{"line":7,"column":30},"end":{"line":7,"column":31}},"loc":{"start":{"line":10,"column":13},"end":{"line":16,"column":1}},"line":10},"1":{"name":"(anonymous_1)","decl":{"start":{"line":13,"column":9},"end":{"line":13,"column":10}},"loc":{"start":{"line":13,"column":28},"end":{"line":13,"column":56}},"line":13},"2":{"name":"(anonymous_2)","decl":{"start":{"line":18,"column":34},"end":{"line":18,"column":35}},"loc":{"start":{"line":18,"column":67},"end":{"line":30,"column":1}},"line":18},"3":{"name":"(anonymous_3)","decl":{"start":{"line":21,"column":6},"end":{"line":21,"column":7}},"loc":{"start":{"line":21,"column":23},"end":{"line":25,"column":7}},"line":21},"4":{"name":"(anonymous_4)","decl":{"start":{"line":22,"column":34},"end":{"line":22,"column":35}},"loc":{"start":{"line":22,"column":41},"end":{"line":22,"column":51}},"line":22},"5":{"name":"(anonymous_5)","decl":{"start":{"line":23,"column":47},"end":{"line":23,"column":48}},"loc":{"start":{"line":23,"column":54},"end":{"line":23,"column":70}},"line":23},"6":{"name":"(anonymous_6)","decl":{"start":{"line":29,"column":9},"end":{"line":29,"column":10}},"loc":{"start":{"line":29,"column":21},"end":{"line":29,"column":61}},"line":29},"7":{"name":"(anonymous_7)","decl":{"start":{"line":29,"column":42},"end":{"line":29,"column":43}},"loc":{"start":{"line":29,"column":49},"end":{"line":29,"column":60}},"line":29},"8":{"name":"(anonymous_8)","decl":{"start":{"line":32,"column":32},"end":{"line":32,"column":33}},"loc":{"start":{"line":35,"column":15},"end":{"line":48,"column":1}},"line":35},"9":{"name":"(anonymous_9)","decl":{"start":{"line":42,"column":9},"end":{"line":42,"column":10}},"loc":{"start":{"line":42,"column":20},"end":{"line":42,"column":64}},"line":42},"10":{"name":"(anonymous_10)","decl":{"start":{"line":43,"column":12},"end":{"line":43,"column":13}},"loc":{"start":{"line":43,"column":23},"end":{"line":43,"column":68}},"line":43},"11":{"name":"(anonymous_11)","decl":{"start":{"line":47,"column":10},"end":{"line":47,"column":11}},"loc":{"start":{"line":47,"column":20},"end":{"line":47,"column":25}},"line":47},"12":{"name":"(anonymous_12)","decl":{"start":{"line":52,"column":35},"end":{"line":52,"column":36}},"loc":{"start":{"line":54,"column":36},"end":{"line":57,"column":1}},"line":54}},"branchMap":{"0":{"loc":{"start":{"line":11,"column":2},"end":{"line":11,"column":27}},"type":"if","locations":[{"start":{"line":11,"column":2},"end":{"line":11,"column":27}},{"start":{"line":11,"column":2},"end":{"line":11,"column":27}}],"line":11},"1":{"loc":{"start":{"line":23,"column":26},"end":{"line":23,"column":76}},"type":"cond-expr","locations":[{"start":{"line":23,"column":39},"end":{"line":23,"column":71}},{"start":{"line":23,"column":74},"end":{"line":23,"column":76}}],"line":23},"2":{"loc":{"start":{"line":34,"column":2},"end":{"line":34,"column":36}},"type":"default-arg","locations":[{"start":{"line":34,"column":32},"end":{"line":34,"column":36}}],"line":34},"3":{"loc":{"start":{"line":39,"column":2},"end":{"line":39,"column":52}},"type":"if","locations":[{"start":{"line":39,"column":2},"end":{"line":39,"column":52}},{"start":{"line":39,"column":2},"end":{"line":39,"column":52}}],"line":39},"4":{"loc":{"start":{"line":43,"column":23},"end":{"line":43,"column":68}},"type":"cond-expr","locations":[{"start":{"line":43,"column":63},"end":{"line":43,"column":64}},{"start":{"line":43,"column":67},"end":{"line":43,"column":68}}],"line":43}},"s":{"0":1,"1":604,"2":1,"3":603,"4":3015,"5":603,"6":1,"7":607,"8":3029,"9":7763,"10":3029,"11":2859,"12":3029,"13":2859,"14":14275,"15":1,"16":604,"17":604,"18":604,"19":31,"20":573,"21":2849,"22":2276,"23":573,"24":1451,"25":1,"26":1,"27":0,"28":0},"f":{"0":604,"1":3015,"2":607,"3":3029,"4":7763,"5":2859,"6":2859,"7":14275,"8":604,"9":2849,"10":2276,"11":1451,"12":0},"b":{"0":[1,603],"1":[1291,1738],"2":[1],"3":[31,573],"4":[151,2125]},"_coverageSchema":"1a1c01bbd47fc00a2c39e90264f33305004495a9","hash":"9d15d9d7dc77991a75a574f5131500e5a65b7d24"}
,"/Users/DNL/Documents/codigo/kata-native-test/utils/arrayManipulation.ts": {"path":"/Users/DNL/Documents/codigo/kata-native-test/utils/arrayManipulation.ts","statementMap":{"0":{"start":{"line":1,"column":19},"end":{"line":2,"column":43}},"1":{"start":{"line":2,"column":2},"end":{"line":2,"column":43}},"2":{"start":{"line":2,"column":31},"end":{"line":2,"column":42}},"3":{"start":{"line":4,"column":32},"end":{"line":4,"column":62}},"4":{"start":{"line":4,"column":52},"end":{"line":4,"column":62}}},"fnMap":{"0":{"name":"(anonymous_0)","decl":{"start":{"line":1,"column":19},"end":{"line":1,"column":20}},"loc":{"start":{"line":2,"column":2},"end":{"line":2,"column":43}},"line":2},"1":{"name":"(anonymous_1)","decl":{"start":{"line":2,"column":15},"end":{"line":2,"column":16}},"loc":{"start":{"line":2,"column":31},"end":{"line":2,"column":42}},"line":2},"2":{"name":"(anonymous_2)","decl":{"start":{"line":4,"column":32},"end":{"line":4,"column":33}},"loc":{"start":{"line":4,"column":52},"end":{"line":4,"column":62}},"line":4}},"branchMap":{},"s":{"0":1,"1":4552,"2":6484,"3":1,"4":4606},"f":{"0":4552,"1":6484,"2":4606},"b":{},"_coverageSchema":"1a1c01bbd47fc00a2c39e90264f33305004495a9","hash":"703591c93c739cafe841d884ca3eb272f536a679"}
,"/Users/DNL/Documents/codigo/kata-native-test/utils/damage.ts": {"path":"/Users/DNL/Documents/codigo/kata-native-test/utils/damage.ts","statementMap":{"0":{"start":{"line":6,"column":38},"end":{"line":13,"column":1}},"1":{"start":{"line":15,"column":25},"end":{"line":16,"column":32}},"2":{"start":{"line":16,"column":2},"end":{"line":16,"column":32}},"3":{"start":{"line":18,"column":30},"end":{"line":19,"column":42}},"4":{"start":{"line":19,"column":2},"end":{"line":19,"column":42}}},"fnMap":{"0":{"name":"(anonymous_0)","decl":{"start":{"line":15,"column":25},"end":{"line":15,"column":26}},"loc":{"start":{"line":16,"column":2},"end":{"line":16,"column":32}},"line":16},"1":{"name":"(anonymous_1)","decl":{"start":{"line":18,"column":30},"end":{"line":18,"column":31}},"loc":{"start":{"line":19,"column":2},"end":{"line":19,"column":42}},"line":19}},"branchMap":{"0":{"loc":{"start":{"line":16,"column":2},"end":{"line":16,"column":32}},"type":"binary-expr","locations":[{"start":{"line":16,"column":2},"end":{"line":16,"column":27}},{"start":{"line":16,"column":31},"end":{"line":16,"column":32}}],"line":16}},"s":{"0":1,"1":1,"2":11036,"3":1,"4":4552},"f":{"0":11036,"1":4552},"b":{"0":[11036,0]},"_coverageSchema":"1a1c01bbd47fc00a2c39e90264f33305004495a9","hash":"dd19a0bfb8a01cd4ac043d37d0bcd27e8269be03"}
,"/Users/DNL/Documents/codigo/kata-native-test/utils/memo.ts": {"path":"/Users/DNL/Documents/codigo/kata-native-test/utils/memo.ts","statementMap":{"0":{"start":{"line":3,"column":25},"end":{"line":3,"column":27}},"1":{"start":{"line":4,"column":2},"end":{"line":11,"column":4}},"2":{"start":{"line":5,"column":20},"end":{"line":5,"column":40}},"3":{"start":{"line":6,"column":4},"end":{"line":6,"column":48}},"4":{"start":{"line":6,"column":26},"end":{"line":6,"column":48}},"5":{"start":{"line":8,"column":19},"end":{"line":8,"column":30}},"6":{"start":{"line":9,"column":4},"end":{"line":9,"column":28}},"7":{"start":{"line":10,"column":4},"end":{"line":10,"column":18}}},"fnMap":{"0":{"name":"memoize","decl":{"start":{"line":2,"column":16},"end":{"line":2,"column":23}},"loc":{"start":{"line":2,"column":66},"end":{"line":12,"column":1}},"line":2},"1":{"name":"(anonymous_1)","decl":{"start":{"line":4,"column":9},"end":{"line":4,"column":10}},"loc":{"start":{"line":4,"column":52},"end":{"line":11,"column":3}},"line":4}},"branchMap":{"0":{"loc":{"start":{"line":6,"column":4},"end":{"line":6,"column":48}},"type":"if","locations":[{"start":{"line":6,"column":4},"end":{"line":6,"column":48}},{"start":{"line":6,"column":4},"end":{"line":6,"column":48}}],"line":6}},"s":{"0":1,"1":1,"2":2849,"3":2849,"4":2246,"5":603,"6":603,"7":603},"f":{"0":1,"1":2849},"b":{"0":[2246,603]},"_coverageSchema":"1a1c01bbd47fc00a2c39e90264f33305004495a9","hash":"547e0601caaaa5639f10a346bc031f0d16948c93"}
}
