TN:
SF:components/StyledText.tsx
FN:5,MonoText
FNF:1
FNH:1
FNDA:1,MonoText
DA:6,1
LF:1
LH:1
BRF:0
BRH:0
end_of_record
TN:
SF:components/Themed.tsx
FN:7,useThemeColor
FN:29,Text
FN:36,View
FNF:3
FNH:2
FNDA:1,useThemeColor
FNDA:1,Text
FNDA:0,View
DA:11,1
DA:12,1
DA:14,1
DA:15,0
DA:17,1
DA:30,1
DA:31,1
DA:33,1
DA:37,0
DA:38,0
DA:40,0
LF:11
LH:7
BRDA:14,0,0,0
BRDA:14,0,1,1
BRF:2
BRH:1
end_of_record
TN:
SF:constants/Colors.ts
FNF:0
FNH:0
DA:1,1
DA:2,1
LF:2
LH:2
BRF:0
BRH:0
end_of_record
TN:
SF:constants/DamageTable.ts
FNF:0
FNH:0
DA:5,1
LF:1
LH:1
BRF:0
BRH:0
end_of_record
TN:
SF:hooks/useColorScheme.ts
FN:6,useColorScheme
FNF:1
FNH:1
FNDA:1,useColorScheme
DA:7,1
LF:1
LH:1
BRF:0
BRH:0
end_of_record
TN:
SF:hooks/useDamageCalculator.ts
FN:7,(anonymous_0)
FN:13,(anonymous_1)
FN:18,(anonymous_2)
FN:21,(anonymous_3)
FN:22,(anonymous_4)
FN:23,(anonymous_5)
FN:29,(anonymous_6)
FN:29,(anonymous_7)
FN:32,(anonymous_8)
FN:42,(anonymous_9)
FN:43,(anonymous_10)
FN:47,(anonymous_11)
FN:52,(anonymous_12)
FNF:13
FNH:12
FNDA:605,(anonymous_0)
FNDA:3018,(anonymous_1)
FNDA:606,(anonymous_2)
FNDA:3026,(anonymous_3)
FNDA:7760,(anonymous_4)
FNDA:2859,(anonymous_5)
FNDA:2859,(anonymous_6)
FNDA:14275,(anonymous_7)
FNDA:604,(anonymous_8)
FNDA:2849,(anonymous_9)
FNDA:2276,(anonymous_10)
FNDA:1451,(anonymous_11)
FNDA:0,(anonymous_12)
DA:7,1
DA:11,605
DA:12,604
DA:13,3018
DA:15,604
DA:18,1
DA:19,606
DA:22,7760
DA:23,3026
DA:24,3026
DA:29,14275
DA:32,1
DA:36,604
DA:37,604
DA:39,604
DA:41,573
DA:42,2849
DA:43,2276
DA:45,573
DA:47,1451
DA:50,1
DA:52,1
DA:53,0
DA:54,0
LF:24
LH:22
BRDA:11,0,0,1
BRDA:11,0,1,604
BRDA:23,1,0,1291
BRDA:23,1,1,1735
BRDA:34,2,0,1
BRDA:39,3,0,31
BRDA:39,3,1,573
BRDA:43,4,0,151
BRDA:43,4,1,2125
BRF:9
BRH:9
end_of_record
TN:
SF:utils/arrayManipulation.ts
FN:1,(anonymous_0)
FN:2,(anonymous_1)
FN:4,(anonymous_2)
FNF:3
FNH:3
FNDA:4552,(anonymous_0)
FNDA:6484,(anonymous_1)
FNDA:4609,(anonymous_2)
DA:1,1
DA:2,6484
DA:4,4609
LF:3
LH:3
BRF:0
BRH:0
end_of_record
TN:
SF:utils/memo.ts
FN:2,memoize
FN:4,(anonymous_1)
FNF:2
FNH:2
FNDA:1,memoize
FNDA:2849,(anonymous_1)
DA:3,1
DA:4,1
DA:5,2849
DA:6,2849
DA:8,603
DA:9,603
DA:10,603
LF:7
LH:7
BRDA:6,0,0,2246
BRDA:6,0,1,603
BRF:2
BRH:2
end_of_record
