TN:
SF:hooks/useDamageCalculator.ts
FN:7,(anonymous_0)
FN:13,(anonymous_1)
FN:18,(anonymous_2)
FN:21,(anonymous_3)
FN:22,(anonymous_4)
FN:23,(anonymous_5)
FN:29,(anonymous_6)
FN:29,(anonymous_7)
FN:32,(anonymous_8)
FN:42,(anonymous_9)
FN:43,(anonymous_10)
FN:47,(anonymous_11)
FN:52,(anonymous_12)
FNF:13
FNH:12
FNDA:604,(anonymous_0)
FNDA:3015,(anonymous_1)
FNDA:607,(anonymous_2)
FNDA:3029,(anonymous_3)
FNDA:7763,(anonymous_4)
FNDA:2859,(anonymous_5)
FNDA:2859,(anonymous_6)
FNDA:14275,(anonymous_7)
FNDA:604,(anonymous_8)
FNDA:2849,(anonymous_9)
FNDA:2276,(anonymous_10)
FNDA:1451,(anonymous_11)
FNDA:0,(anonymous_12)
DA:7,1
DA:11,604
DA:12,603
DA:13,3015
DA:15,603
DA:18,1
DA:19,607
DA:22,7763
DA:23,3029
DA:24,3029
DA:29,14275
DA:32,1
DA:36,604
DA:37,604
DA:39,604
DA:41,573
DA:42,2849
DA:43,2276
DA:45,573
DA:47,1451
DA:50,1
DA:52,1
DA:55,0
DA:56,0
LF:24
LH:22
BRDA:11,0,0,1
BRDA:11,0,1,603
BRDA:23,1,0,1291
BRDA:23,1,1,1738
BRDA:34,2,0,1
BRDA:39,3,0,31
BRDA:39,3,1,573
BRDA:43,4,0,151
BRDA:43,4,1,2125
BRF:9
BRH:9
end_of_record
TN:
SF:utils/arrayManipulation.ts
FN:1,(anonymous_0)
FN:2,(anonymous_1)
FN:4,(anonymous_2)
FNF:3
FNH:3
FNDA:4552,(anonymous_0)
FNDA:6484,(anonymous_1)
FNDA:4606,(anonymous_2)
DA:1,1
DA:2,6484
DA:4,4606
LF:3
LH:3
BRF:0
BRH:0
end_of_record
TN:
SF:utils/damage.ts
FN:15,(anonymous_0)
FN:18,(anonymous_1)
FNF:2
FNH:2
FNDA:11036,(anonymous_0)
FNDA:4552,(anonymous_1)
DA:6,1
DA:15,1
DA:16,11036
DA:18,1
DA:19,4552
LF:5
LH:5
BRDA:16,0,0,11036
BRDA:16,0,1,0
BRF:2
BRH:1
end_of_record
TN:
SF:utils/memo.ts
FN:2,memoize
FN:4,(anonymous_1)
FNF:2
FNH:2
FNDA:1,memoize
FNDA:2849,(anonymous_1)
DA:3,1
DA:4,1
DA:5,2849
DA:6,2849
DA:8,603
DA:9,603
DA:10,603
LF:7
LH:7
BRDA:6,0,0,2246
BRDA:6,0,1,603
BRF:2
BRH:2
end_of_record
